Traceback (most recent call last):
  File "/opt/hostedtoolcache/Python/3.10.13/x64/lib/python3.10/site-packages/jupyter_cache/executors/utils.py", line 58, in single_nb_execution
    executenb(
  File "/opt/hostedtoolcache/Python/3.10.13/x64/lib/python3.10/site-packages/nbclient/client.py", line 1305, in execute
    return NotebookClient(nb=nb, resources=resources, km=km, **kwargs).execute()
  File "/opt/hostedtoolcache/Python/3.10.13/x64/lib/python3.10/site-packages/jupyter_core/utils/__init__.py", line 173, in wrapped
    return loop.run_until_complete(inner)
  File "/opt/hostedtoolcache/Python/3.10.13/x64/lib/python3.10/asyncio/base_events.py", line 649, in run_until_complete
    return future.result()
  File "/opt/hostedtoolcache/Python/3.10.13/x64/lib/python3.10/site-packages/nbclient/client.py", line 705, in async_execute
    await self.async_execute_cell(
  File "/opt/hostedtoolcache/Python/3.10.13/x64/lib/python3.10/site-packages/nbclient/client.py", line 1058, in async_execute_cell
    await self._check_raise_for_error(cell, cell_index, exec_reply)
  File "/opt/hostedtoolcache/Python/3.10.13/x64/lib/python3.10/site-packages/nbclient/client.py", line 914, in _check_raise_for_error
    raise CellExecutionError.from_cell_and_msg(cell, exec_reply_content)
nbclient.exceptions.CellExecutionError: An error occurred while executing the following cell:
------------------
## do the frame selection
from vampires_dpp.frame_selection import measure_metric

kwargs = dict(center=(128, 128), window=30)
metric_max = measure_metric(abaur20190320_cube, metric="peak", **kwargs)
metric_l2norm = measure_metric(abaur20190320_cube, metric="l2norm", **kwargs)
metric_normvar = measure_metric(abaur20190320_cube, metric="normvar", **kwargs)
------------------


[0;31m---------------------------------------------------------------------------[0m
[0;31mModuleNotFoundError[0m                       Traceback (most recent call last)
Cell [0;32mIn[5], line 2[0m
[1;32m      1[0m [38;5;66;03m## do the frame selection[39;00m
[0;32m----> 2[0m [38;5;28;01mfrom[39;00m [38;5;21;01mvampires_dpp[39;00m[38;5;21;01m.[39;00m[38;5;21;01mframe_selection[39;00m [38;5;28;01mimport[39;00m measure_metric
[1;32m      4[0m kwargs [38;5;241m=[39m [38;5;28mdict[39m(center[38;5;241m=[39m([38;5;241m128[39m, [38;5;241m128[39m), window[38;5;241m=[39m[38;5;241m30[39m)
[1;32m      5[0m metric_max [38;5;241m=[39m measure_metric(abaur20190320_cube, metric[38;5;241m=[39m[38;5;124m"[39m[38;5;124mpeak[39m[38;5;124m"[39m, [38;5;241m*[39m[38;5;241m*[39mkwargs)

[0;31mModuleNotFoundError[0m: No module named 'vampires_dpp.frame_selection'

